LINK : warning LNK4075: ignoring '/INCREMENTAL' due to '/OPT:REF' specification
main.obj : error LNK2019: unresolved external symbol "public: bool __thiscall aKeyboard::checkKey(int)" (?checkKey@aKeyboard@@QAE_NH@Z) referenced in function "bool __cdecl quitTrig(void)" (?quitTrig@@YA_NXZ)
ArtemisLib.lib(kString.obj) : error LNK2019: unresolved external symbol __imp__sprintf_s referenced in function "public: __thiscall kString::kString(int)" (??0kString@@QAE@H@Z)
ArtemisLib.lib(kQuat.obj) : error LNK2001: unresolved external symbol __imp__printf
ArtemisLib.lib(kTrans.obj) : error LNK2001: unresolved external symbol __imp__printf
ArtemisLib.lib(aMesh.obj) : error LNK2001: unresolved external symbol __imp__printf
ArtemisLib.lib(aTypewriter.obj) : error LNK2001: unresolved external symbol __imp__printf
ArtemisLib.lib(aGraphics.obj) : error LNK2001: unresolved external symbol __imp__printf
ArtemisLib.lib(aEvent.obj) : error LNK2001: unresolved external symbol __imp__printf
ArtemisLib.lib(aLight.obj) : error LNK2001: unresolved external symbol __imp__printf
ArtemisLib.lib(aTypewriter.obj) : error LNK2019: unresolved external symbol _SDL_SetAlpha referenced in function "public: bool __thiscall aTypewriter::type(class kString,int,int)" (?type@aTypewriter@@QAE_NVkString@@HH@Z)
ArtemisLib.lib(aGraphics.obj) : error LNK2019: unresolved external symbol _SDL_SetVideoMode referenced in function "public: void __thiscall aGraphics::resize(int,int)" (?resize@aGraphics@@QAEXHH@Z)
ArtemisLib.lib(aGraphics.obj) : error LNK2019: unresolved external symbol _SDL_GL_SwapBuffers referenced in function "public: void __thiscall aGraphics::swapBuffers(void)" (?swapBuffers@aGraphics@@QAEXXZ)
ArtemisLib.lib(aGraphics.obj) : error LNK2019: unresolved external symbol _SDL_WM_SetCaption referenced in function "public: bool __thiscall aGraphics::setScreen(int,int,int)" (?setScreen@aGraphics@@QAE_NHHH@Z)
ArtemisLib.lib(aApp.obj) : error LNK2019: unresolved external symbol "__declspec(dllimport) public: void __thiscall std::basic_ofstream<char,struct std::char_traits<char> >::close(void)" (__imp_?close@?$basic_ofstream@DU?$char_traits@D@std@@@std@@QAEXXZ) referenced in function "public: void __thiscall aApp::terminate(void)" (?terminate@aApp@@QAEXXZ)
ArtemisLib.lib(aApp.obj) : error LNK2019: unresolved external symbol "__declspec(dllimport) public: void __thiscall std::_Mutex::_Lock(void)" (__imp_?_Lock@_Mutex@std@@QAEXXZ) referenced in function "public: __thiscall std::basic_ostream<char,struct std::char_traits<char> >::_Sentry_base::_Sentry_base(class std::basic_ostream<char,struct std::char_traits<char> > &)" (??0_Sentry_base@?$basic_ostream@DU?$char_traits@D@std@@@std@@QAE@AAV12@@Z)
ArtemisLib.lib(aApp.obj) : error LNK2019: unresolved external symbol "__declspec(dllimport) public: void __thiscall std::_Mutex::_Unlock(void)" (__imp_?_Unlock@_Mutex@std@@QAEXXZ) referenced in function "public: __thiscall std::basic_ostream<char,struct std::char_traits<char> >::_Sentry_base::~_Sentry_base(void)" (??1_Sentry_base@?$basic_ostream@DU?$char_traits@D@std@@@std@@QAE@XZ)
ArtemisLib.lib(aApp.obj) : error LNK2019: unresolved external symbol "__declspec(dllimport) public: void __thiscall std::basic_ofstream<char,struct std::char_traits<char> >::`vbase destructor'(void)" (__imp_??_D?$basic_ofstream@DU?$char_traits@D@std@@@std@@QAEXXZ) referenced in function "public: __thiscall aApp::~aApp(void)" (??1aApp@@QAE@XZ)
ArtemisLib.lib(aApp.obj) : error LNK2019: unresolved external symbol "__declspec(dllimport) public: int __thiscall std::basic_streambuf<char,struct std::char_traits<char> >::sputn(char const *,int)" (__imp_?sputn@?$basic_streambuf@DU?$char_traits@D@std@@@std@@QAEHPBDH@Z) referenced in function "class std::basic_ostream<char,struct std::char_traits<char> > & __cdecl std::operator<<<struct std::char_traits<char> >(class std::basic_ostream<char,struct std::char_traits<char> > &,char const *)" (??$?6U?$char_traits@D@std@@@std@@YAAAV?$basic_ostream@DU?$char_traits@D@std@@@0@AAV10@PBD@Z)
ArtemisLib.lib(aApp.obj) : error LNK2019: unresolved external symbol "__declspec(dllimport) public: void __thiscall std::basic_ofstream<char,struct std::char_traits<char> >::open(char const *,int,int)" (__imp_?open@?$basic_ofstream@DU?$char_traits@D@std@@@std@@QAEXPBDHH@Z) referenced in function "public: __thiscall aApp::aApp(void)" (??0aApp@@QAE@XZ)
ArtemisLib.lib(aApp.obj) : error LNK2019: unresolved external symbol "__declspec(dllimport) public: __thiscall std::basic_ofstream<char,struct std::char_traits<char> >::basic_ofstream<char,struct std::char_traits<char> >(void)" (__imp_??0?$basic_ofstream@DU?$char_traits@D@std@@@std@@QAE@XZ) referenced in function "public: __thiscall aApp::aApp(void)" (??0aApp@@QAE@XZ)
C:\Users\Brian\Projects\VengeanceSrc\Vengeance\Release\Vengeance.exe : fatal error LNK1120: 14 unresolved externals
